[2025-04-09 10:05:26] Executed Command: psdir.py -u google.com -c 100 -ar -o a.log -s
[200] https://google.com/.well-known/assetlinks.json (0.23247575759887695s)
[200] https://google.com/.well-known/security.txt (0.6133623123168945s)
[429] https://google.com/2001 (1.9909934997558594s)
[429] https://google.com/2001/ (2.2526705265045166s)
[429] https://google.com/2002 (2.5318074226379395s)
[429] https://google.com/2002/ (2.1883769035339355s)
[429] https://google.com/2003 (1.8967678546905518s)
[429] https://google.com/2003/ (1.9425139427185059s)
[429] https://google.com/2004 (1.7979602813720703s)
[429] https://google.com/2004/ (2.8664207458496094s)
[429] https://google.com/2005 (1.8003034591674805s)
[429] https://google.com/2005/ (1.7588422298431396s)
[429] https://google.com/2006 (2.096787691116333s)
[429] https://google.com/2006/ (1.9905779361724854s)
[429] https://google.com/2007 (1.987964391708374s)
[429] https://google.com/2007/ (1.6041603088378906s)
[429] https://google.com/2008 (2.0068063735961914s)
[429] https://google.com/2008/ (1.810246229171753s)
[429] https://google.com/2009 (1.3729510307312012s)
[429] https://google.com/2009/ (1.8284261226654053s)
[429] https://google.com/2010 (1.6102771759033203s)
[429] https://google.com/2010/ (1.7528865337371826s)
[429] https://google.com/2011 (1.7959675788879395s)
[429] https://google.com/2011/ (1.772857904434204s)
[429] https://google.com/2012 (2.052053451538086s)
[429] https://google.com/2012/ (1.4817249774932861s)
[429] https://google.com/2013 (2.0741171836853027s)
[429] https://google.com/2013/ (2.0154781341552734s)
[429] https://google.com/2014 (2.0917675495147705s)
[429] https://google.com/2014/ (1.6419498920440674s)
[429] https://google.com/2015 (1.4699783325195312s)
[429] https://google.com/2015/ (1.656959056854248s)
[429] https://google.com/2016 (2.387913703918457s)
[429] https://google.com/2016/ (2.3642711639404297s)
[429] https://google.com/2017 (2.3608548641204834s)
[429] https://google.com/2017/ (2.3349573612213135s)
[429] https://google.com/2018 (1.6292846202850342s)
[429] https://google.com/2018/ (1.803682565689087s)
[429] https://google.com/2019 (1.8466310501098633s)
[429] https://google.com/2019/ (2.1788954734802246s)
[429] https://google.com/2020 (1.7319605350494385s)
[429] https://google.com/2020/ (1.7302262783050537s)
[200] https://google.com/about (0.6836867332458496s)
[200] https://google.com/accessibility (0.8307478427886963s)
[200] https://google.com/account (2.269481658935547s)
[200] https://google.com/accounts (2.1155412197113037s)
[200] https://google.com/accounts/ (2.1181046962738037s)
[200] https://google.com/accounts/login (1.5959692001342773s)
[200] https://google.com/accounts/signin (1.756645679473877s)
[200] https://google.com/ads (1.2234928607940674s)
[200] https://google.com/advanced_search (0.3336308002471924s)
[200] https://google.com/advertise (0.7277162075042725s)
[200] https://google.com/advertising (0.9375054836273193s)
[204] https://google.com/adview (0.8082160949707031s)
[200] https://google.com/analytics/saw.dll?getPreviewImage&previewFilePath=/etc/passwd (1.1875078678131104s)
[200] https://google.com/answers/ (0.7647619247436523s)
[200] https://google.com/apis (0.6621274948120117s)
[200] https://google.com/BingSiteAuth.xml (0.3036649227142334s)
[200] https://google.com/blog (1.2530052661895752s)
[200] https://google.com/blog/ (1.1757187843322754s)
[200] https://google.com/blog/error_log (1.105109691619873s)
[200] https://google.com/blog/fckeditor (1.1293623447418213s)
[200] https://google.com/blog/phpmyadmin/ (1.1256918907165527s)
[200] https://google.com/blog/wp-content/backup-db/ (1.177459716796875s)
[200] https://google.com/blog/wp-content/backups/ (1.1562459468841553s)
[200] https://google.com/blog/wp-login (1.08599853515625s)
[200] https://google.com/blog/wp-login.php (1.1756577491760254s)
[200] https://google.com/books (1.4753491878509521s)
[200] https://google.com/business (0.7123622894287109s)
[200] https://google.com/calendar (1.7952651977539062s)
[200] https://google.com/careers (1.7429289817810059s)
[200] https://google.com/chat (1.5970587730407715s)
[200] https://google.com/cloud (1.870408058166504s)
[200] https://google.com/cloud/ (1.6754891872406006s)
[200] https://google.com/company (1.0620429515838623s)
[200] https://google.com/contact (1.0318372249603271s)
[200] https://google.com/contacts (2.243438959121704s)
[200] https://google.com/crossdomain.xml (0.2846810817718506s)
[200] https://google.com/dashboard (0.7260227203369141s)
[200] https://google.com/design (1.083789348602295s)
[200] https://google.com/developer (1.3219201564788818s)
[200] https://google.com/developers (1.3662745952606201s)
[200] https://google.com/docs (1.6192994117736816s)
[200] https://google.com/education (1.1654133796691895s)
[200] https://google.com/enterprise (1.5054223537445068s)
[200] https://google.com/forms (1.9766099452972412s)
[200] https://google.com/games (0.5485043525695801s)
[200] https://google.com/health (0.7829349040985107s)
[200] https://google.com/help/ (2.256227970123291s)
[200] https://google.com/history (1.8526182174682617s)
[200] https://google.com/home (0.797757625579834s)
[200] https://google.com/homepage (1.5967323780059814s)
[200] https://google.com/humans.txt (0.8826730251312256s)
[200] https://google.com/images (0.42058873176574707s)
[200] https://google.com/index.html (0.37018704414367676s)
[200] https://google.com/jobs (0.6965715885162354s)
[200] https://google.com/local (0.44541168212890625s)
[200] https://google.com/logos (1.2803843021392822s)
[200] https://google.com/m (0.37883734703063965s)
[200] https://google.com/mail (1.8430635929107666s)
[200] https://google.com/mail/ (1.3477606773376465s)
[200] https://google.com/maps (0.3604586124420166s)
[200] https://google.com/meet/ (1.5321707725524902s)
[200] https://google.com/mobile (0.5544288158416748s)
[200] https://google.com/moderator (1.3124988079071045s)
[200] https://google.com/moderator/ (2.4577977657318115s)
[200] https://google.com/movies (0.4274861812591553s)
[200] https://google.com/music (0.7521181106567383s)
[200] https://google.com/news (1.17738676071167s)
[200] https://google.com/partners (0.3455944061279297s)
[200] https://google.com/password (1.81117844581604s)
[200] https://google.com/passwords (0.7889783382415771s)
[200] https://google.com/passwords/ (0.7496719360351562s)
[200] https://google.com/payments (2.7947561740875244s)
[200] https://google.com/phone (1.2263507843017578s)
[200] https://google.com/photos (0.3548245429992676s)
[200] https://google.com/pixel (0.39125800132751465s)
[200] https://google.com/policies (0.36820006370544434s)
[200] https://google.com/press (0.8666400909423828s)
[200] https://google.com/privacy (0.8894546031951904s)
[200] https://google.com/privacypolicy (0.44916343688964844s)
[200] https://google.com/publications (2.4806201457977295s)
[200] https://google.com/publisher (0.45900607109069824s)
[200] https://google.com/recaptcha (0.569817066192627s)
[200] https://google.com/registry/ (1.184781789779663s)
[200] https://google.com/research (1.1647734642028809s)
[200] https://google.com/robots.txt (0.26520276069641113s)
[200] https://google.com/save (0.6600344181060791s)
[200] https://google.com/script (1.7120749950408936s)
[200] https://google.com/script/ (2.1357040405273438s)
[200] https://google.com/search (0.4627542495727539s)
[200] https://google.com/security (0.39067554473876953s)
[200] https://google.com/security/ (0.5340917110443115s)
[200] https://google.com/services (0.6081843376159668s)
[200] https://google.com/services/ (0.47250962257385254s)
[200] https://google.com/services/config/databases.yml (0.5260388851165771s)
[200] https://google.com/shopping (0.3592112064361572s)
[200] https://google.com/sitemap.xml (0.3602151870727539s)
[200] https://google.com/sites (1.7299392223358154s)
[200] https://google.com/store (0.5110385417938232s)
[200] https://google.com/support (1.731334924697876s)
[200] https://google.com/support/ (1.7125868797302246s)
[200] https://google.com/survey (0.948632001876831s)
[200] https://google.com/tags (3.4452080726623535s)
[200] https://google.com/technology (0.6265907287597656s)
[200] https://google.com/tools (0.4162328243255615s)
[200] https://google.com/tools/ (0.40952324867248535s)
[200] https://google.com/travel (0.7942564487457275s)
[200] https://google.com/tv (1.1873667240142822s)
[200] https://google.com/video (1.1669120788574219s)
[200] https://google.com/views (0.6515624523162842s)
[200] https://google.com/webmaster (1.459695816040039s)
[200] https://google.com/webmaster/ (1.0384533405303955s)
[200] https://google.com/workspace/uploads/ (0.4121861457824707s)
[200] https://google.com/ (8.799396514892578s)
[200] http://google.com/?utm_source=about.google&utm_medium=referral&utm_campaign=global-footer (9.819797992706299s)
[200] https://google.com/ (8.770938158035278s)
[200] https://google.com/preferences?hl=vi (8.763046979904175s)
[200] https://google.com/home/ (9.181790590286255s)
[200] https://google.com/home/ (9.484697580337524s)
[200] https://google.com/home/ (9.14647912979126s)
[200] https://google.com/about/ (9.636825561523438s)
[200] https://google.com/business/ (9.193894386291504s)
[200] https://google.com/business/restaurants/ (9.384120464324951s)
[200] https://google.com/business/retail/ (8.951838254928589s)
[200] https://google.com/business/services/ (8.895915746688843s)
[200] https://google.com/business/resources/ (9.172801494598389s)
[200] https://google.com/business/faq/ (9.396727323532104s)
[200] https://google.com/ (8.824262380599976s)
[200] https://google.com/technology/ (8.750343322753906s)
[200] https://google.com/press/ (9.393523216247559s)
[200] https://google.com/about/ (8.866787195205688s)
[200] https://google.com/ (9.071038961410522s)
[200] https://google.com/technology/ (8.935324430465698s)
[200] https://google.com/press/ (9.57668161392212s)
[200] https://google.com/about/ (9.082468748092651s)
[200] https://google.com/ (9.094441175460815s)
[200] https://google.com/technology/ (9.714197397232056s)
[200] https://google.com/press/ (10.144307851791382s)
[200] https://google.com/about/ (9.071887969970703s)
[200] https://google.com/ (9.012761116027832s)
[200] https://google.com/technology/ (9.668084383010864s)
[200] https://google.com/press/ (9.943949699401855s)
[200] https://google.com/about/ (9.646547794342041s)
[200] https://google.com/ (9.59475564956665s)
[200] https://google.com/technology/ (10.150328874588013s)
[200] https://google.com/press/ (9.763676881790161s)
[200] https://google.com/about/ (9.591299772262573s)
[200] https://google.com/ (9.519280433654785s)
[200] https://google.com/press/ (10.051148653030396s)
[200] https://google.com/about/ (9.83326244354248s)
[200] https://google.com/ (9.868427038192749s)
[200] https://google.com/technology/ (10.267758846282959s)
[200] https://google.com/press/ (10.290799379348755s)
[200] https://google.com/about/ (10.430636405944824s)
[200] https://google.com/ (10.098389148712158s)
[200] https://google.com/ (10.51131796836853s)
[200] https://google.com/ (10.862617492675781s)
[200] http://google.com/?utm_source=about.google&utm_medium=referral&utm_campaign=global-footer (6.570749521255493s)
[200] https://google.com/ (10.829009294509888s)
[200] http://google.com/?utm_source=about.google&utm_medium=referral&utm_campaign=global-footer (6.551977157592773s)
[200] https://google.com/workspace (10.550200939178467s)
[200] https://google.com/maps?hl=en (10.63430380821228s)
[200] https://google.com/drive?hl=en (10.689115524291992s)
[200] https://google.com/finance?hl=en (10.906522750854492s)
[200] https://google.com/picasa?hl=en (10.37121319770813s)
[200] http://google.com/?utm_source=about.google&utm_medium=referral&utm_campaign=global-footer (5.013057708740234s)
[200] https://google.com/keep/ (10.854540824890137s)
[200] https://google.com/?tab=uu (10.793066263198853s)
[200] https://google.com/ (10.803227424621582s)
[200] https://google.com/chrome/browser-features/ (10.621177434921265s)
[200] https://google.com/ (10.68383240699768s)
[200] https://google.com/technology/ (10.579338550567627s)
[200] https://google.com/workspace/partners (10.888697624206543s)
[200] http://google.com/?utm_source=about.google&utm_medium=referral&utm_campaign=global-footer (3.446209192276001s)
[200] https://google.com/chrome/browser-tools/ (10.755597829818726s)
[200] https://google.com/chrome/update/ (10.6556077003479s)
[200] https://google.com/chrome/browser-tools/ (10.73685884475708s)
[200] https://google.com/chrome/update/ (10.719873189926147s)
[200] https://google.com/fit?hl=en (10.38634705543518s)
[200] https://google.com/nexus?hl=en (10.69844126701355s)
[200] https://google.com/preferences?hl=vi&prev=https://www.google.com/webhp?tbm%3Dvid&sa=X&ved=0ahUKEwjrloHj-8mMAxUdr1YBHdIYCgQQr8gICB8 (10.265439987182617s)
[200] https://google.com/?tab=uu (10.349260091781616s)
[200] https://google.com/ (10.403022050857544s)
